<?xml version="1.0" encoding="UTF-8"?>
<testsuite name="bitpacket.BitPacket" tests="1" skipped="0" failures="0" errors="0" timestamp="2021-07-04T20:20:53" hostname="notebook" time="0.026">
  <properties/>
  <testcase name="test1()" classname="bitpacket.BitPacket" time="0.026"/>
  <system-out><![CDATA[]]></system-out>
  <system-err><![CDATA[]]></system-err>
</testsuite>
